This is pdfTeX, Version 3.141592653-2.6-1.40.22 (TeX Live 2021) (preloaded format=pdflatex 2021.5.11)  30 MAY 2021 20:33
entering extended mode
 restricted \write18 enabled.
 file:line:error style messages enabled.
 %&-line parsing enabled.
**ExcelNotes.tex
(./ExcelNotes.tex
LaTeX2e <2020-10-01> patch level 4
L3 programming layer <2021-02-18>
(/usr/local/texlive/2021/texmf-dist/tex/latex/base/article.cls
Document Class: article 2020/04/10 v1.4m Standard LaTeX document class
(/usr/local/texlive/2021/texmf-dist/tex/latex/base/size11.clo
File: size11.clo 2020/04/10 v1.4m Standard LaTeX file (size option)
)
\c@part=\count179
\c@section=\count180
\c@subsection=\count181
\c@subsubsection=\count182
\c@paragraph=\count183
\c@subparagraph=\count184
\c@figure=\count185
\c@table=\count186
\abovecaptionskip=\skip47
\belowcaptionskip=\skip48
\bibindent=\dimen138
)
(/usr/local/texlive/2021/texmf-dist/tex/latex/geometry/geometry.sty
Package: geometry 2020/01/02 v5.9 Page Geometry

(/usr/local/texlive/2021/texmf-dist/tex/latex/graphics/keyval.sty
Package: keyval 2014/10/28 v1.15 key=value parser (DPC)
\KV@toks@=\toks15
)
(/usr/local/texlive/2021/texmf-dist/tex/generic/iftex/ifvtex.sty
Package: ifvtex 2019/10/25 v1.7 ifvtex legacy package. Use iftex instead.

(/usr/local/texlive/2021/texmf-dist/tex/generic/iftex/iftex.sty
Package: iftex 2020/03/06 v1.0d TeX engine tests
))
\Gm@cnth=\count187
\Gm@cntv=\count188
\c@Gm@tempcnt=\count189
\Gm@bindingoffset=\dimen139
\Gm@wd@mp=\dimen140
\Gm@odd@mp=\dimen141
\Gm@even@mp=\dimen142
\Gm@layoutwidth=\dimen143
\Gm@layoutheight=\dimen144
\Gm@layouthoffset=\dimen145
\Gm@layoutvoffset=\dimen146
\Gm@dimlist=\toks16
)
(/usr/local/texlive/2021/texmf-dist/tex/latex/graphics/graphicx.sty
Package: graphicx 2020/09/09 v1.2b Enhanced LaTeX Graphics (DPC,SPQR)

(/usr/local/texlive/2021/texmf-dist/tex/latex/graphics/graphics.sty
Package: graphics 2020/08/30 v1.4c Standard LaTeX Graphics (DPC,SPQR)

(/usr/local/texlive/2021/texmf-dist/tex/latex/graphics/trig.sty
Package: trig 2016/01/03 v1.10 sin cos tan (DPC)
)
(/usr/local/texlive/2021/texmf-dist/tex/latex/graphics-cfg/graphics.cfg
File: graphics.cfg 2016/06/04 v1.11 sample graphics configuration
)
Package graphics Info: Driver file: pdftex.def on input line 105.

(/usr/local/texlive/2021/texmf-dist/tex/latex/graphics-def/pdftex.def
File: pdftex.def 2020/10/05 v1.2a Graphics/color driver for pdftex
))
\Gin@req@height=\dimen147
\Gin@req@width=\dimen148
)
(/usr/local/texlive/2021/texmf-dist/tex/latex/amsfonts/amssymb.sty
Package: amssymb 2013/01/14 v3.01 AMS font symbols

(/usr/local/texlive/2021/texmf-dist/tex/latex/amsfonts/amsfonts.sty
Package: amsfonts 2013/01/14 v3.01 Basic AMSFonts support
\@emptytoks=\toks17
\symAMSa=\mathgroup4
\symAMSb=\mathgroup5
LaTeX Font Info:    Redeclaring math symbol \hbar on input line 98.
LaTeX Font Info:    Overwriting math alphabet `\mathfrak' in version `bold'
(Font)                  U/euf/m/n --> U/euf/b/n on input line 106.
))
(/usr/local/texlive/2021/texmf-dist/tex/latex/l3backend/l3backend-pdftex.def
File: l3backend-pdftex.def 2021-03-18 L3 backend support: PDF output (pdfTeX)
\l__color_backend_stack_int=\count190
\l__pdf_internal_box=\box47
)
(./ExcelNotes.aux)
\openout1 = `ExcelNotes.aux'.

LaTeX Font Info:    Checking defaults for OML/cmm/m/it on input line 20.
LaTeX Font Info:    ... okay on input line 20.
LaTeX Font Info:    Checking defaults for OMS/cmsy/m/n on input line 20.
LaTeX Font Info:    ... okay on input line 20.
LaTeX Font Info:    Checking defaults for OT1/cmr/m/n on input line 20.
LaTeX Font Info:    ... okay on input line 20.
LaTeX Font Info:    Checking defaults for T1/cmr/m/n on input line 20.
LaTeX Font Info:    ... okay on input line 20.
LaTeX Font Info:    Checking defaults for TS1/cmr/m/n on input line 20.
LaTeX Font Info:    ... okay on input line 20.
LaTeX Font Info:    Checking defaults for OMX/cmex/m/n on input line 20.
LaTeX Font Info:    ... okay on input line 20.
LaTeX Font Info:    Checking defaults for U/cmr/m/n on input line 20.
LaTeX Font Info:    ... okay on input line 20.

*geometry* driver: auto-detecting
*geometry* detected driver: pdftex
*geometry* verbose mode - [ preamble ] result:
* driver: pdftex
* paper: letterpaper
* layout: <same size as paper>
* layoutoffset:(h,v)=(0.0pt,0.0pt)
* modes: 
* h-part:(L,W,R)=(92.14519pt, 430.00462pt, 92.14519pt)
* v-part:(T,H,B)=(95.39737pt, 556.47656pt, 143.09605pt)
* \paperwidth=614.295pt
* \paperheight=794.96999pt
* \textwidth=430.00462pt
* \textheight=556.47656pt
* \oddsidemargin=19.8752pt
* \evensidemargin=19.8752pt
* \topmargin=-13.87262pt
* \headheight=12.0pt
* \headsep=25.0pt
* \topskip=11.0pt
* \footskip=30.0pt
* \marginparwidth=59.0pt
* \marginparsep=10.0pt
* \columnsep=10.0pt
* \skip\footins=10.0pt plus 4.0pt minus 2.0pt
* \hoffset=0.0pt
* \voffset=0.0pt
* \mag=1000
* \@twocolumnfalse
* \@twosidefalse
* \@mparswitchfalse
* \@reversemarginfalse
* (1in=72.27pt=25.4mm, 1cm=28.453pt)

(/usr/local/texlive/2021/texmf-dist/tex/context/base/mkii/supp-pdf.mkii
[Loading MPS to PDF converter (version 2006.09.02).]
\scratchcounter=\count191
\scratchdimen=\dimen149
\scratchbox=\box48
\nofMPsegments=\count192
\nofMParguments=\count193
\everyMPshowfont=\toks18
\MPscratchCnt=\count194
\MPscratchDim=\dimen150
\MPnumerator=\count195
\makeMPintoPDFobject=\count196
\everyMPtoPDFconversion=\toks19
) (/usr/local/texlive/2021/texmf-dist/tex/latex/epstopdf-pkg/epstopdf-base.sty
Package: epstopdf-base 2020-01-24 v2.11 Base part for package epstopdf
Package epstopdf-base Info: Redefining graphics rule for `.eps' on input line 4
85.

(/usr/local/texlive/2021/texmf-dist/tex/latex/latexconfig/epstopdf-sys.cfg
File: epstopdf-sys.cfg 2010/07/13 v1.3 Configuration of (r)epstopdf for TeX Liv
e
))
LaTeX Font Info:    Trying to load font information for U+msa on input line 26.


(/usr/local/texlive/2021/texmf-dist/tex/latex/amsfonts/umsa.fd
File: umsa.fd 2013/01/14 v3.01 AMS symbols A
)
LaTeX Font Info:    Trying to load font information for U+msb on input line 26.


(/usr/local/texlive/2021/texmf-dist/tex/latex/amsfonts/umsb.fd
File: umsb.fd 2013/01/14 v3.01 AMS symbols B
) [1

{/usr/local/texlive/2021/texmf-var/fonts/map/pdftex/updmap/pdftex.map}] (./Exce
lNotes.toc)
\tf@toc=\write3
\openout3 = `ExcelNotes.toc'.


[2]
Underfull \hbox (badness 10000) in paragraph at lines 43--46

 []

[3]
Underfull \hbox (badness 10000) in paragraph at lines 72--74

 []

[4] [5] [6]
</Users/ananyarao/Desktop/Excel-Notes/images_excel_notes//data.png, id=27, 249.
93375pt x 137.51375pt>
File: /Users/ananyarao/Desktop/Excel-Notes/images_excel_notes//data.png Graphic
 file (type png)
<use /Users/ananyarao/Desktop/Excel-Notes/images_excel_notes//data.png>
Package pdftex.def Info: /Users/ananyarao/Desktop/Excel-Notes/images_excel_note
s//data.png  used on input line 145.
(pdftex.def)             Requested size: 249.93314pt x 137.51341pt.

Underfull \hbox (badness 10000) in paragraph at lines 143--147

 []

</Users/ananyarao/Desktop/Excel-Notes/images_excel_notes//chart.png, id=29, 314
.17375pt x 188.705pt>
File: /Users/ananyarao/Desktop/Excel-Notes/images_excel_notes//chart.png Graphi
c file (type png)
<use /Users/ananyarao/Desktop/Excel-Notes/images_excel_notes//chart.png>
Package pdftex.def Info: /Users/ananyarao/Desktop/Excel-Notes/images_excel_note
s//chart.png  used on input line 149.
(pdftex.def)             Requested size: 314.17297pt x 188.70453pt.

Underfull \hbox (badness 10000) in paragraph at lines 147--151

 []

[7 </Users/ananyarao/Desktop/Excel-Notes/images_excel_notes//data.png> </Users/
ananyarao/Desktop/Excel-Notes/images_excel_notes//chart.png>]
</Users/ananyarao/Desktop/Excel-Notes/images_excel_notes//quick_analysis.png, i
d=36, 207.77625pt x 237.88875pt>
File: /Users/ananyarao/Desktop/Excel-Notes/images_excel_notes//quick_analysis.p
ng Graphic file (type png)
<use /Users/ananyarao/Desktop/Excel-Notes/images_excel_notes//quick_analysis.pn
g>
Package pdftex.def Info: /Users/ananyarao/Desktop/Excel-Notes/images_excel_note
s//quick_analysis.png  used on input line 157.
(pdftex.def)             Requested size: 207.77573pt x 237.88815pt.

Underfull \hbox (badness 10000) in paragraph at lines 155--159

 []

</Users/ananyarao/Desktop/Excel-Notes/images_excel_notes//move_row_1.png, id=37
, 333.245pt x 211.79124pt>
File: /Users/ananyarao/Desktop/Excel-Notes/images_excel_notes//move_row_1.png G
raphic file (type png)
<use /Users/ananyarao/Desktop/Excel-Notes/images_excel_notes//move_row_1.png>
Package pdftex.def Info: /Users/ananyarao/Desktop/Excel-Notes/images_excel_note
s//move_row_1.png  used on input line 165.
(pdftex.def)             Requested size: 333.24417pt x 211.79073pt.
</Users/ananyarao/Desktop/Excel-Notes/images_excel_notes//move_row_2.png, id=38
, 333.245pt x 211.79124pt>
File: /Users/ananyarao/Desktop/Excel-Notes/images_excel_notes//move_row_2.png G
raphic file (type png)
<use /Users/ananyarao/Desktop/Excel-Notes/images_excel_notes//move_row_2.png>
Package pdftex.def Info: /Users/ananyarao/Desktop/Excel-Notes/images_excel_note
s//move_row_2.png  used on input line 167.
(pdftex.def)             Requested size: 333.24417pt x 211.79073pt.

Underfull \hbox (badness 10000) in paragraph at lines 163--169

 []

[8 </Users/ananyarao/Desktop/Excel-Notes/images_excel_notes//quick_analysis.png
>] [9 </Users/ananyarao/Desktop/Excel-Notes/images_excel_notes//move_row_1.png>
 </Users/ananyarao/Desktop/Excel-Notes/images_excel_notes//move_row_2.png>]
</Users/ananyarao/Desktop/Excel-Notes/images_excel_notes//splitScreen.png, id=4
8, 718.685pt x 366.36874pt>
File: /Users/ananyarao/Desktop/Excel-Notes/images_excel_notes//splitScreen.png 
Graphic file (type png)
<use /Users/ananyarao/Desktop/Excel-Notes/images_excel_notes//splitScreen.png>
Package pdftex.def Info: /Users/ananyarao/Desktop/Excel-Notes/images_excel_note
s//splitScreen.png  used on input line 191.
(pdftex.def)             Requested size: 359.34161pt x 183.18391pt.

Underfull \hbox (badness 10000) in paragraph at lines 189--193

 []

[10 </Users/ananyarao/Desktop/Excel-Notes/images_excel_notes//splitScreen.png>]
</Users/ananyarao/Desktop/Excel-Notes/images_excel_notes//group.png, id=53, 717
.68124pt x 404.51125pt>
File: /Users/ananyarao/Desktop/Excel-Notes/images_excel_notes//group.png Graphi
c file (type png)
<use /Users/ananyarao/Desktop/Excel-Notes/images_excel_notes//group.png>
Package pdftex.def Info: /Users/ananyarao/Desktop/Excel-Notes/images_excel_note
s//group.png  used on input line 216.
(pdftex.def)             Requested size: 430.61206pt x 242.70862pt.

Overfull \hbox (27.9825pt too wide) in paragraph at lines 214--218
[]
 []


Underfull \hbox (badness 10000) in paragraph at lines 214--218

 []

[11] [12 </Users/ananyarao/Desktop/Excel-Notes/images_excel_notes//group.png>]
</Users/ananyarao/Desktop/Excel-Notes/images_excel_notes//sort_levels.png, id=6
1, 289.08pt x 133.49875pt>
File: /Users/ananyarao/Desktop/Excel-Notes/images_excel_notes//sort_levels.png 
Graphic file (type png)
<use /Users/ananyarao/Desktop/Excel-Notes/images_excel_notes//sort_levels.png>
Package pdftex.def Info: /Users/ananyarao/Desktop/Excel-Notes/images_excel_note
s//sort_levels.png  used on input line 229.
(pdftex.def)             Requested size: 346.89426pt x 160.19766pt.

Underfull \hbox (badness 10000) in paragraph at lines 227--231

 []

</Users/ananyarao/Desktop/Excel-Notes/images_excel_notes//pivot_simple.png, id=
62, 705.63625pt x 271.0125pt>
File: /Users/ananyarao/Desktop/Excel-Notes/images_excel_notes//pivot_simple.png
 Graphic file (type png)
<use /Users/ananyarao/Desktop/Excel-Notes/images_excel_notes//pivot_simple.png>

Package pdftex.def Info: /Users/ananyarao/Desktop/Excel-Notes/images_excel_note
s//pivot_simple.png  used on input line 248.
(pdftex.def)             Requested size: 423.38501pt x 162.60875pt.
</Users/ananyarao/Desktop/Excel-Notes/images_excel_notes//pivot_column.png, id=
63, 713.66624pt x 250.9375pt>
File: /Users/ananyarao/Desktop/Excel-Notes/images_excel_notes//pivot_column.png
 Graphic file (type png)
<use /Users/ananyarao/Desktop/Excel-Notes/images_excel_notes//pivot_column.png>

Package pdftex.def Info: /Users/ananyarao/Desktop/Excel-Notes/images_excel_note
s//pivot_column.png  used on input line 252.
(pdftex.def)             Requested size: 428.20305pt x 150.56364pt.

Overfull \hbox (20.75545pt too wide) in paragraph at lines 244--254
[]
 []


Overfull \hbox (25.57349pt too wide) in paragraph at lines 244--254
[]
 []


Underfull \hbox (badness 10000) in paragraph at lines 244--254

 []

[13 </Users/ananyarao/Desktop/Excel-Notes/images_excel_notes//sort_levels.png>]
</Users/ananyarao/Desktop/Excel-Notes/images_excel_notes//pivot_two.png, id=69,
 721.69624pt x 404.51125pt>
File: /Users/ananyarao/Desktop/Excel-Notes/images_excel_notes//pivot_two.png Gr
aphic file (type png)
<use /Users/ananyarao/Desktop/Excel-Notes/images_excel_notes//pivot_two.png>
Package pdftex.def Info: /Users/ananyarao/Desktop/Excel-Notes/images_excel_note
s//pivot_two.png  used on input line 258.
(pdftex.def)             Requested size: 433.02109pt x 242.70862pt.

Overfull \hbox (30.39153pt too wide) in paragraph at lines 254--260
[]
 []


Underfull \hbox (badness 10000) in paragraph at lines 254--260

 []

[14 </Users/ananyarao/Desktop/Excel-Notes/images_excel_notes//pivot_simple.png>
 </Users/ananyarao/Desktop/Excel-Notes/images_excel_notes//pivot_column.png>]
</Users/ananyarao/Desktop/Excel-Notes/images_excel_notes//food_data_type.png, i
d=75, 169.63374pt x 225.84375pt>
File: /Users/ananyarao/Desktop/Excel-Notes/images_excel_notes//food_data_type.p
ng Graphic file (type png)
<use /Users/ananyarao/Desktop/Excel-Notes/images_excel_notes//food_data_type.pn
g>
Package pdftex.def Info: /Users/ananyarao/Desktop/Excel-Notes/images_excel_note
s//food_data_type.png  used on input line 270.
(pdftex.def)             Requested size: 169.63332pt x 225.84319pt.

Underfull \hbox (badness 10000) in paragraph at lines 268--272

 []

[15 </Users/ananyarao/Desktop/Excel-Notes/images_excel_notes//pivot_two.png>]
[16 </Users/ananyarao/Desktop/Excel-Notes/images_excel_notes//food_data_type.pn
g>] (./ExcelNotes.aux) ) 
Here is how much of TeX's memory you used:
 2316 strings out of 478994
 36130 string characters out of 5858184
 328304 words of memory out of 5000000
 19801 multiletter control sequences out of 15000+600000
 411483 words of font info for 57 fonts, out of 8000000 for 9000
 1141 hyphenation exceptions out of 8191
 68i,6n,74p,348b,215s stack positions out of 5000i,500n,10000p,200000b,80000s
{/usr/local/texlive/2021/texmf-dist/fonts/enc/dvips/cm-
super/cm-super-ts1.enc}</usr/local/texlive/2021/texmf-dist/fonts/type1/public/a
msfonts/cm/cmbx10.pfb></usr/local/texlive/2021/texmf-dist/fonts/type1/public/am
sfonts/cm/cmbx12.pfb></usr/local/texlive/2021/texmf-dist/fonts/type1/public/ams
fonts/cm/cmr10.pfb></usr/local/texlive/2021/texmf-dist/fonts/type1/public/amsfo
nts/cm/cmr12.pfb></usr/local/texlive/2021/texmf-dist/fonts/type1/public/amsfont
s/cm/cmr17.pfb></usr/local/texlive/2021/texmf-dist/fonts/type1/public/cm-super/
sfrm1095.pfb>
Output written on ExcelNotes.pdf (16 pages, 3188619 bytes).
PDF statistics:
 106 PDF objects out of 1000 (max. 8388607)
 57 compressed objects within 1 object stream
 0 named destinations out of 1000 (max. 500000)
 61 words of extra memory for PDF output out of 10000 (max. 10000000)

